kotlin version: 2.1.0
error message: org.jetbrains.kotlin.backend.common.BackendException: Backend Internal error: Exception during IR lowering
File being compiled: /Users/khunsoemoeaung/StudioProjects/SmartStream-/app/src/main/java/com/khun/smartstream/presentation/screens/categories/CategoriesScreenViewModel.kt
The root cause java.lang.RuntimeException was thrown at: org.jetbrains.kotlin.backend.jvm.codegen.FunctionCodegen.generate(FunctionCodegen.kt:48)
	at org.jetbrains.kotlin.backend.common.CodegenUtil.reportBackendException(CodegenUtil.kt:253)
	at org.jetbrains.kotlin.backend.common.CodegenUtil.reportBackendException$default(CodegenUtil.kt:236)
	at org.jetbrains.kotlin.backend.common.phaser.PerformByIrFilePhase.invokeSequential(performByIrFile.kt:55)
	at org.jetbrains.kotlin.backend.common.phaser.PerformByIrFilePhase.invoke(performByIrFile.kt:42)
	at org.jetbrains.kotlin.backend.common.phaser.PerformByIrFilePhase.invoke(performByIrFile.kt:28)
	at org.jetbrains.kotlin.backend.common.phaser.NamedCompilerPhase.phaseBody(CompilerPhase.kt:166)
	at org.jetbrains.kotlin.backend.common.phaser.AbstractNamedCompilerPhase.invoke(CompilerPhase.kt:113)
	at org.jetbrains.kotlin.backend.common.phaser.CompositePhase.invoke(PhaseBuilders.kt:27)
	at org.jetbrains.kotlin.backend.common.phaser.CompositePhase.invoke(PhaseBuilders.kt:14)
	at org.jetbrains.kotlin.backend.common.phaser.NamedCompilerPhase.phaseBody(CompilerPhase.kt:166)
	at org.jetbrains.kotlin.backend.common.phaser.AbstractNamedCompilerPhase.invoke(CompilerPhase.kt:113)
	at org.jetbrains.kotlin.backend.common.phaser.CompilerPhaseKt.invokeToplevel(CompilerPhase.kt:62)
	at org.jetbrains.kotlin.backend.jvm.JvmIrCodegenFactory.invokeCodegen(JvmIrCodegenFactory.kt:371)
	at org.jetbrains.kotlin.codegen.CodegenFactory.generateModule(CodegenFactory.kt:47)
	at org.jetbrains.kotlin.backend.jvm.JvmIrCodegenFactory.generateModuleInFrontendIRMode(JvmIrCodegenFactory.kt:433)
	at org.jetbrains.kotlin.cli.jvm.compiler.pipeline.JvmCompilerPipelineKt.generateCodeFromIr(jvmCompilerPipeline.kt:192)
	at org.jetbrains.kotlin.cli.jvm.compiler.pipeline.JvmCompilerPipelineKt.runBackend(jvmCompilerPipeline.kt:80)
	at org.jetbrains.kotlin.cli.jvm.compiler.pipeline.JvmCompilerPipelineLightTreeKt.compileModule(jvmCompilerPipelineLightTree.kt:264)
	at org.jetbrains.kotlin.cli.jvm.compiler.pipeline.JvmCompilerPipelineLightTreeKt.compileSingleModuleUsingFrontendIrAndLightTree(jvmCompilerPipelineLightTree.kt:231)
	at org.jetbrains.kotlin.cli.jvm.compiler.pipeline.JvmCompilerPipelineLightTreeKt.compileModulesUsingFrontendIrAndLightTree(jvmCompilerPipelineLightTree.kt:86)
	at org.jetbrains.kotlin.cli.jvm.K2JVMCompiler.doExecute(K2JVMCompiler.kt:146)
	at org.jetbrains.kotlin.cli.jvm.K2JVMCompiler.doExecute(K2JVMCompiler.kt:43)
	at org.jetbrains.kotlin.cli.common.CLICompiler.execImpl(CLICompiler.kt:102)
	at org.jetbrains.kotlin.cli.common.CLICompiler.exec(CLICompiler.kt:316)
	at org.jetbrains.kotlin.incremental.IncrementalJvmCompilerRunner.runCompiler(IncrementalJvmCompilerRunner.kt:464)
	at org.jetbrains.kotlin.incremental.IncrementalJvmCompilerRunner.runCompiler(IncrementalJvmCompilerRunner.kt:73)
	at org.jetbrains.kotlin.incremental.IncrementalCompilerRunner.doCompile(IncrementalCompilerRunner.kt:506)
	at org.jetbrains.kotlin.incremental.IncrementalCompilerRunner.compileImpl(IncrementalCompilerRunner.kt:423)
	at org.jetbrains.kotlin.incremental.IncrementalCompilerRunner.compileNonIncrementally(IncrementalCompilerRunner.kt:301)
	at org.jetbrains.kotlin.incremental.IncrementalCompilerRunner.compile(IncrementalCompilerRunner.kt:129)
	at org.jetbrains.kotlin.daemon.CompileServiceImplBase.execIncrementalCompiler(CompileServiceImpl.kt:674)
	at org.jetbrains.kotlin.daemon.CompileServiceImplBase.access$execIncrementalCompiler(CompileServiceImpl.kt:91)
	at org.jetbrains.kotlin.daemon.CompileServiceImpl.compile(CompileServiceImpl.kt:1659)
	at java.base/jdk.internal.reflect.DirectMethodHandleAccessor.invoke(Unknown Source)
	at java.base/java.lang.reflect.Method.invoke(Unknown Source)
	at java.rmi/sun.rmi.server.UnicastServerRef.dispatch(Unknown Source)
	at java.rmi/sun.rmi.transport.Transport$1.run(Unknown Source)
	at java.rmi/sun.rmi.transport.Transport$1.run(Unknown Source)
	at java.base/java.security.AccessController.doPrivileged(Unknown Source)
	at java.rmi/sun.rmi.transport.Transport.serviceCall(Unknown Source)
	at java.rmi/sun.rmi.transport.tcp.TCPTransport.handleMessages(Unknown Source)
	at java.rmi/sun.rmi.transport.tcp.TCPTransport$ConnectionHandler.run0(Unknown Source)
	at java.rmi/sun.rmi.transport.tcp.TCPTransport$ConnectionHandler.lambda$run$0(Unknown Source)
	at java.base/java.security.AccessController.doPrivileged(Unknown Source)
	at java.rmi/sun.rmi.transport.tcp.TCPTransport$ConnectionHandler.run(Unknown Source)
	at java.base/java.util.concurrent.ThreadPoolExecutor.runWorker(Unknown Source)
	at java.base/java.util.concurrent.ThreadPoolExecutor$Worker.run(Unknown Source)
	at java.base/java.lang.Thread.run(Unknown Source)
Caused by: java.lang.RuntimeException: Exception while generating code for:
CONSTRUCTOR visibility:public <> (getCategoriesUseCase:com.khun.smartstream.domain.usecase.IGetCategoriesUseCase) returnType:com.khun.smartstream.presentation.screens.categories.CategoriesScreenViewModel [primary]
  annotations:
    Inject
  VALUE_PARAMETER name:getCategoriesUseCase index:0 type:com.khun.smartstream.domain.usecase.IGetCategoriesUseCase
  BLOCK_BODY
    DELEGATING_CONSTRUCTOR_CALL 'public constructor <init> () declared in androidx.lifecycle.ViewModel'
    BLOCK type=kotlin.Unit origin=null
      SET_FIELD 'FIELD PROPERTY_BACKING_FIELD name:uiState type:kotlinx.coroutines.flow.StateFlow<com.khun.smartstream.presentation.screens.categories.CategoriesScreenUiState> visibility:private [final]' type=kotlin.Unit origin=INITIALIZE_FIELD
        receiver: GET_VAR '<this>: com.khun.smartstream.presentation.screens.categories.CategoriesScreenViewModel declared in com.khun.smartstream.presentation.screens.categories.CategoriesScreenViewModel' type=com.khun.smartstream.presentation.screens.categories.CategoriesScreenViewModel origin=null
        value: CALL 'public final fun stateIn <T> (scope: kotlinx.coroutines.CoroutineScope, started: kotlinx.coroutines.flow.SharingStarted, initialValue: T of kotlinx.coroutines.flow.FlowKt.stateIn): kotlinx.coroutines.flow.StateFlow<T of kotlinx.coroutines.flow.FlowKt.stateIn> declared in kotlinx.coroutines.flow.FlowKt' type=kotlinx.coroutines.flow.StateFlow<com.khun.smartstream.presentation.screens.categories.CategoriesScreenUiState> origin=null
          <T>: com.khun.smartstream.presentation.screens.categories.CategoriesScreenUiState
          $receiver: CALL 'public final fun map <T, R> (transform: kotlin.coroutines.SuspendFunction1<@[ParameterName(name = "value")] T of kotlinx.coroutines.flow.FlowKt.map, R of kotlinx.coroutines.flow.FlowKt.map>): kotlinx.coroutines.flow.Flow<R of kotlinx.coroutines.flow.FlowKt.map> [inline] declared in kotlinx.coroutines.flow.FlowKt' type=kotlinx.coroutines.flow.Flow<com.khun.smartstream.presentation.screens.categories.CategoriesScreenUiState> origin=null
            <T>: com.khun.smartstream.data.util.NetworkResult<com.khun.smartstream.data.model.Category>
            <R>: com.khun.smartstream.presentation.screens.categories.CategoriesScreenUiState
            $receiver: CALL 'public abstract fun invoke (): kotlinx.coroutines.flow.Flow<com.khun.smartstream.data.util.NetworkResult<com.khun.smartstream.data.model.Category>> declared in com.khun.smartstream.domain.usecase.IGetCategoriesUseCase' type=kotlinx.coroutines.flow.Flow<com.khun.smartstream.data.util.NetworkResult<com.khun.smartstream.data.model.Category>> origin=null
              $this: GET_VAR 'getCategoriesUseCase: com.khun.smartstream.domain.usecase.IGetCategoriesUseCase declared in com.khun.smartstream.presentation.screens.categories.CategoriesScreenViewModel.<init>' type=com.khun.smartstream.domain.usecase.IGetCategoriesUseCase origin=null
            transform: BLOCK type=kotlin.coroutines.SuspendFunction1<com.khun.smartstream.data.util.NetworkResult<com.khun.smartstream.data.model.Category>, com.khun.smartstream.presentation.screens.categories.CategoriesScreenUiState> origin=LAMBDA
              COMPOSITE type=kotlin.Unit origin=null
              FUNCTION_REFERENCE 'private final fun uiState$lambda$0 (it: com.khun.smartstream.data.util.NetworkResult<com.khun.smartstream.data.model.Category>, $completion: kotlin.coroutines.Continuation<com.khun.smartstream.presentation.screens.categories.CategoriesScreenUiState>): kotlin.Any? [suspend] declared in com.khun.smartstream.presentation.screens.categories.CategoriesScreenViewModel' type=kotlin.coroutines.SuspendFunction1<com.khun.smartstream.data.util.NetworkResult<com.khun.smartstream.data.model.Category>, com.khun.smartstream.presentation.screens.categories.CategoriesScreenUiState> origin=INLINE_LAMBDA reflectionTarget=null
          scope: CALL 'public final fun <get-viewModelScope> (): kotlinx.coroutines.CoroutineScope declared in androidx.lifecycle.ViewModelKt' type=kotlinx.coroutines.CoroutineScope origin=GET_PROPERTY
            $receiver: GET_VAR '<this>: com.khun.smartstream.presentation.screens.categories.CategoriesScreenViewModel declared in com.khun.smartstream.presentation.screens.categories.CategoriesScreenViewModel' type=com.khun.smartstream.presentation.screens.categories.CategoriesScreenViewModel origin=null
          started: CALL 'public final fun WhileSubscribed$default ($this: kotlinx.coroutines.flow.SharingStarted.Companion, stopTimeoutMillis: kotlin.Long, replayExpirationMillis: kotlin.Long, $mask0: kotlin.Int, $handler: kotlin.Any?): kotlinx.coroutines.flow.SharingStarted declared in kotlinx.coroutines.flow.SharingStarted.Companion' type=kotlinx.coroutines.flow.SharingStarted origin=DEFAULT_DISPATCH_CALL
            $this: GET_FIELD 'FIELD FIELD_FOR_OBJECT_INSTANCE name:Companion type:kotlinx.coroutines.flow.SharingStarted.Companion visibility:public [final,static] declared in kotlinx.coroutines.flow.SharingStarted' type=kotlinx.coroutines.flow.SharingStarted.Companion origin=null
            stopTimeoutMillis: CONST Long type=kotlin.Long value=5000
            replayExpirationMillis: COMPOSITE type=kotlin.Long origin=DEFAULT_VALUE
              CONST Long type=kotlin.Long value=0
            $mask0: CONST Int type=kotlin.Int value=2
            $handler: CONST Null type=kotlin.Any? value=null
          initialValue: GET_FIELD 'FIELD FIELD_FOR_OBJECT_INSTANCE name:INSTANCE type:com.khun.smartstream.presentation.screens.categories.CategoriesScreenUiState.Loading visibility:public [final,static] declared in com.khun.smartstream.presentation.screens.categories.CategoriesScreenUiState.Loading' type=com.khun.smartstream.presentation.screens.categories.CategoriesScreenUiState.Loading origin=null

	at org.jetbrains.kotlin.backend.jvm.codegen.FunctionCodegen.generate(FunctionCodegen.kt:48)
	at org.jetbrains.kotlin.backend.jvm.codegen.FunctionCodegen.generate$default(FunctionCodegen.kt:41)
	at org.jetbrains.kotlin.backend.jvm.codegen.ClassCodegen.generateMethodNode(ClassCodegen.kt:407)
	at org.jetbrains.kotlin.backend.jvm.codegen.ClassCodegen.generateMethod(ClassCodegen.kt:424)
	at org.jetbrains.kotlin.backend.jvm.codegen.ClassCodegen.generate(ClassCodegen.kt:169)
	at org.jetbrains.kotlin.backend.jvm.FileCodegen.lower(JvmPhases.kt:39)
	at org.jetbrains.kotlin.backend.common.phaser.PhaseFactoriesKt.createFilePhase$lambda$4(PhaseFactories.kt:71)
	at org.jetbrains.kotlin.backend.common.phaser.PhaseBuildersKt$createSimpleNamedCompilerPhase$1.phaseBody(PhaseBuilders.kt:69)
	at org.jetbrains.kotlin.backend.common.phaser.SimpleNamedCompilerPhase.phaseBody(CompilerPhase.kt:226)
	at org.jetbrains.kotlin.backend.common.phaser.AbstractNamedCompilerPhase.invoke(CompilerPhase.kt:113)
	at org.jetbrains.kotlin.backend.common.phaser.PerformByIrFilePhase.invokeSequential(performByIrFile.kt:52)
	... 45 more
Caused by: java.lang.RuntimeException: Exception while generating code for:
FUN INLINE_LAMBDA name:uiState$lambda$0 visibility:private modality:FINAL <> (it:com.khun.smartstream.data.util.NetworkResult<com.khun.smartstream.data.model.Category>, $completion:kotlin.coroutines.Continuation<com.khun.smartstream.presentation.screens.categories.CategoriesScreenUiState>) returnType:kotlin.Any? [suspend]
  VALUE_PARAMETER name:it index:0 type:com.khun.smartstream.data.util.NetworkResult<com.khun.smartstream.data.model.Category>
  VALUE_PARAMETER CONTINUATION_CLASS name:$completion index:1 type:kotlin.coroutines.Continuation<com.khun.smartstream.presentation.screens.categories.CategoriesScreenUiState>
  BLOCK_BODY
    VAR name:$i$a$-map-CategoriesScreenViewModel$uiState$1 type:kotlin.Int [val]
      CONST Int type=kotlin.Int value=0
    RETURN type=kotlin.Nothing from='private final fun uiState$lambda$0 (it: com.khun.smartstream.data.util.NetworkResult<com.khun.smartstream.data.model.Category>, $completion: kotlin.coroutines.Continuation<com.khun.smartstream.presentation.screens.categories.CategoriesScreenUiState>): kotlin.Any? [suspend] declared in com.khun.smartstream.presentation.screens.categories.CategoriesScreenViewModel'
      BLOCK type=com.khun.smartstream.presentation.screens.categories.CategoriesScreenUiState origin=WHEN
        VAR IR_TEMPORARY_VARIABLE name:tmp0_subject type:com.khun.smartstream.data.util.NetworkResult<com.khun.smartstream.data.model.Category> [val]
          GET_VAR 'it: com.khun.smartstream.data.util.NetworkResult<com.khun.smartstream.data.model.Category> declared in com.khun.smartstream.presentation.screens.categories.CategoriesScreenViewModel.uiState$lambda$0' type=com.khun.smartstream.data.util.NetworkResult<com.khun.smartstream.data.model.Category> origin=null
        WHEN type=com.khun.smartstream.presentation.screens.categories.CategoriesScreenUiState origin=WHEN
          BRANCH
            if: TYPE_OP type=kotlin.Boolean origin=INSTANCEOF typeOperand=com.khun.smartstream.data.util.NetworkResult.Loading<com.khun.smartstream.data.model.Category>
              GET_VAR 'val tmp0_subject: com.khun.smartstream.data.util.NetworkResult<com.khun.smartstream.data.model.Category> [val] declared in com.khun.smartstream.presentation.screens.categories.CategoriesScreenViewModel.uiState$lambda$0' type=com.khun.smartstream.data.util.NetworkResult<com.khun.smartstream.data.model.Category> origin=null
            then: GET_FIELD 'FIELD FIELD_FOR_OBJECT_INSTANCE name:INSTANCE type:com.khun.smartstream.presentation.screens.categories.CategoriesScreenUiState.Loading visibility:public [final,static] declared in com.khun.smartstream.presentation.screens.categories.CategoriesScreenUiState.Loading' type=com.khun.smartstream.presentation.screens.categories.CategoriesScreenUiState.Loading origin=null
          BRANCH
            if: TYPE_OP type=kotlin.Boolean origin=INSTANCEOF typeOperand=com.khun.smartstream.data.util.NetworkResult.Success<com.khun.smartstream.data.model.Category>
              GET_VAR 'val tmp0_subject: com.khun.smartstream.data.util.NetworkResult<com.khun.smartstream.data.model.Category> [val] declared in com.khun.smartstream.presentation.screens.categories.CategoriesScreenViewModel.uiState$lambda$0' type=com.khun.smartstream.data.util.NetworkResult<com.khun.smartstream.data.model.Category> origin=null
            then: BLOCK type=com.khun.smartstream.presentation.screens.categories.CategoriesScreenUiState origin=null
              WHEN type=com.khun.smartstream.presentation.screens.categories.CategoriesScreenUiState origin=IF
                BRANCH
                  if: CALL 'public final fun EQEQ (arg0: kotlin.Any?, arg1: kotlin.Any?): kotlin.Boolean declared in kotlin.internal.ir' type=kotlin.Boolean origin=EQEQ
                    arg0: BLOCK type=kotlin.collections.List<com.khun.smartstream.data.model.Genre>? origin=FOLDED_SAFE_CALL
                      WHEN type=kotlin.collections.List<com.khun.smartstream.data.model.Genre>? origin=FOLDED_SAFE_CALL
                        BRANCH
                          if: COMPOSITE type=kotlin.Boolean origin=null
                            VAR IR_TEMPORARY_VARIABLE name:tmp4_safe_receiver type:com.khun.smartstream.data.model.Category? [val]
                              CALL 'public final fun <get-data> (): T of com.khun.smartstream.data.util.NetworkResult.Success? [fake_override] declared in com.khun.smartstream.data.util.NetworkResult.Success' type=com.khun.smartstream.data.model.Category? origin=GET_PROPERTY
                                $this: TYPE_OP type=com.khun.smartstream.data.util.NetworkResult.Success<com.khun.smartstream.data.model.Category> origin=IMPLICIT_CAST typeOperand=com.khun.smartstream.data.util.NetworkResult.Success<com.khun.smartstream.data.model.Category>
                                  GET_VAR 'it: com.khun.smartstream.data.util.NetworkResult<com.khun.smartstream.data.model.Category> declared in com.khun.smartstream.presentation.screens.categories.CategoriesScreenViewModel.uiState$lambda$0' type=com.khun.smartstream.data.util.NetworkResult<com.khun.smartstream.data.model.Category> origin=null
                            CALL 'public final fun not (): kotlin.Boolean [operator] declared in kotlin.Boolean' type=kotlin.Boolean origin=null
                              $this: CALL 'public final fun EQEQ (arg0: kotlin.Any?, arg1: kotlin.Any?): kotlin.Boolean declared in kotlin.internal.ir' type=kotlin.Boolean origin=null
                                arg0: GET_VAR 'val tmp4_safe_receiver: com.khun.smartstream.data.model.Category? [val] declared in com.khun.smartstream.presentation.screens.categories.CategoriesScreenViewModel.uiState$lambda$0' type=com.khun.smartstream.data.model.Category? origin=null
                                arg1: CONST Null type=kotlin.Nothing? value=null
                          then: CALL 'public final fun <get-genres> (): kotlin.collections.List<com.khun.smartstream.data.model.Genre>? declared in com.khun.smartstream.data.model.Category' type=kotlin.collections.List<com.khun.smartstream.data.model.Genre>? origin=GET_PROPERTY
                            $this: GET_VAR 'val tmp4_safe_receiver: com.khun.smartstream.data.model.Category? [val] declared in com.khun.smartstream.presentation.screens.categories.CategoriesScreenViewModel.uiState$lambda$0' type=com.khun.smartstream.data.model.Category? origin=null
                        BRANCH
                          if: CONST Boolean type=kotlin.Boolean value=true
                          then: CONST Null type=kotlin.Nothing? value=null
                    arg1: CONST Null type=kotlin.Nothing? value=null
                  then: BLOCK type=com.khun.smartstream.presentation.screens.categories.CategoriesScreenUiState.Ready origin=null
                    BLOCK type=kotlin.Unit origin=FOR_LOOP
                      VAR FOR_LOOP_ITERATOR name:<iterator> type:kotlin.collections.Iterator<com.khun.smartstream.data.model.Genre> [val]
                        CALL 'public abstract fun iterator (): kotlin.collections.Iterator<E of kotlin.collections.List> [fake_override,operator] declared in kotlin.Nothing' type=kotlin.collections.Iterator<com.khun.smartstream.data.model.Genre> origin=FOR_LOOP_ITERATOR
                          $this: BLOCK type=kotlin.Nothing origin=null
                            CALL 'public final fun CHECK_NOT_NULL <T0> (arg0: T0 of kotlin.internal.ir.CHECK_NOT_NULL?): {T0 of kotlin.internal.ir.CHECK_NOT_NULL & Any} declared in kotlin.internal.ir' type=kotlin.Nothing origin=EXCLEXCL
                              <T0>: kotlin.Nothing
                              arg0: CALL 'public final fun <get-genres> (): kotlin.collections.List<com.khun.smartstream.data.model.Genre>? declared in com.khun.smartstream.data.model.Category' type=kotlin.collections.List<com.khun.smartstream.data.model.Genre>? origin=GET_PROPERTY
                                $this: CALL 'public final fun CHECK_NOT_NULL <T0> (arg0: T0 of kotlin.internal.ir.CHECK_NOT_NULL?): {T0 of kotlin.internal.ir.CHECK_NOT_NULL & Any} declared in kotlin.internal.ir' type=com.khun.smartstream.data.model.Category origin=EXCLEXCL
                                  <T0>: com.khun.smartstream.data.model.Category
                                  arg0: CALL 'public final fun <get-data> (): T of com.khun.smartstream.data.util.NetworkResult.Success? [fake_override] declared in com.khun.smartstream.data.util.NetworkResult.Success' type=com.khun.smartstream.data.model.Category? origin=GET_PROPERTY
                                    $this: TYPE_OP type=com.khun.smartstream.data.util.NetworkResult.Success<com.khun.smartstream.data.model.Category> origin=IMPLICIT_CAST typeOperand=com.khun.smartstream.data.util.NetworkResult.Success<com.khun.smartstream.data.model.Category>
                                      GET_VAR 'it: com.khun.smartstream.data.util.NetworkResult<com.khun.smartstream.data.model.Category> declared in com.khun.smartstream.presentation.screens.categories.CategoriesScreenViewModel.uiState$lambda$0' type=com.khun.smartstream.data.util.NetworkResult<com.khun.smartstream.data.model.Category> origin=null
                            CALL 'public final fun throwKotlinNothingValueException (): kotlin.Nothing declared in kotlin.jvm.internal.Intrinsics' type=kotlin.Nothing origin=null
                      WHILE label=CategoriesScreenViewModel$uiState$lambda$01 origin=FOR_LOOP_INNER_WHILE
                        condition: CALL 'public abstract fun hasNext (): kotlin.Boolean [operator] declared in kotlin.collections.Iterator' type=kotlin.Boolean origin=FOR_LOOP_HAS_NEXT
                          $this: GET_VAR 'val <iterator>: kotlin.collections.Iterator<com.khun.smartstream.data.model.Genre> [val] declared in com.khun.smartstream.presentation.screens.categories.CategoriesScreenViewModel.uiState$lambda$0' type=kotlin.collections.Iterator<com.khun.smartstream.data.model.Genre> origin=null
                        body: BLOCK type=kotlin.Unit origin=FOR_LOOP_INNER_WHILE
                          VAR FOR_LOOP_VARIABLE name:g type:com.khun.smartstream.data.model.Genre [val]
                            CALL 'public abstract fun next (): T of kotlin.collections.Iterator [operator] declared in kotlin.collections.Iterator' type=com.khun.smartstream.data.model.Genre origin=FOR_LOOP_NEXT
                              $this: GET_VAR 'val <iterator>: kotlin.collections.Iterator<com.khun.smartstream.data.model.Genre> [val] declared in com.khun.smartstream.presentation.screens.categories.CategoriesScreenViewModel.uiState$lambda$0' type=kotlin.collections.Iterator<com.khun.smartstream.data.model.Genre> origin=null
                          BLOCK type=kotlin.Unit origin=null
                            CALL 'public final fun set <K, V> (key: K of kotlin.collections.MapsKt.set, value: V of kotlin.collections.MapsKt.set): kotlin.Unit [inline,operator] declared in kotlin.collections.MapsKt' type=kotlin.Unit origin=EQ
                              <K>: kotlin.Int
                              <V>: kotlin.String
                              $receiver: CALL 'internal final fun <get-genreMap> (): kotlin.collections.MutableMap<kotlin.Int, kotlin.String> declared in com.khun.smartstream.utils.AppConstantsKt' type=kotlin.collections.MutableMap<kotlin.Int, kotlin.String> origin=GET_PROPERTY
                              key: BLOCK type=kotlin.Int origin=FOLDED_ELVIS
                                WHEN type=kotlin.Int origin=FOLDED_ELVIS
                                  BRANCH
                                    if: COMPOSITE type=kotlin.Boolean origin=null
                                      VAR IR_TEMPORARY_VARIABLE name:tmp1_elvis_lhs type:kotlin.Int? [val]
                                        CALL 'public final fun <get-id> (): kotlin.Int? declared in com.khun.smartstream.data.model.Genre' type=kotlin.Int? origin=GET_PROPERTY
                                          $this: GET_VAR 'val g: com.khun.smartstream.data.model.Genre [val] declared in com.khun.smartstream.presentation.screens.categories.CategoriesScreenViewModel.uiState$lambda$0' type=com.khun.smartstream.data.model.Genre origin=null
                                      CALL 'public final fun not (): kotlin.Boolean [operator] declared in kotlin.Boolean' type=kotlin.Boolean origin=null
                                        $this: CALL 'public final fun EQEQ (arg0: kotlin.Any?, arg1: kotlin.Any?): kotlin.Boolean declared in kotlin.internal.ir' type=kotlin.Boolean origin=null
                                          arg0: GET_VAR 'val tmp1_elvis_lhs: kotlin.Int? [val] declared in com.khun.smartstream.presentation.screens.categories.CategoriesScreenViewModel.uiState$lambda$0' type=kotlin.Int? origin=null
                                          arg1: CONST Null type=kotlin.Nothing? value=null
                                    then: GET_VAR 'val tmp1_elvis_lhs: kotlin.Int? [val] declared in com.khun.smartstream.presentation.screens.categories.CategoriesScreenViewModel.uiState$lambda$0' type=kotlin.Int? origin=null
                                  BRANCH
                                    if: CONST Boolean type=kotlin.Boolean value=true
                                    then: CONST Int type=kotlin.Int value=0
                              value: BLOCK type=kotlin.String origin=FOLDED_ELVIS
                                WHEN type=kotlin.String origin=FOLDED_ELVIS
                                  BRANCH
                                    if: COMPOSITE type=kotlin.Boolean origin=null
                                      VAR IR_TEMPORARY_VARIABLE name:tmp2_elvis_lhs type:kotlin.String? [val]
                                        CALL 'public final fun <get-name> (): kotlin.String? declared in com.khun.smartstream.data.model.Genre' type=kotlin.String? origin=GET_PROPERTY
                                          $this: GET_VAR 'val g: com.khun.smartstream.data.model.Genre [val] declared in com.khun.smartstream.presentation.screens.categories.CategoriesScreenViewModel.uiState$lambda$0' type=com.khun.smartstream.data.model.Genre origin=null
                                      CALL 'public final fun not (): kotlin.Boolean [operator] declared in kotlin.Boolean' type=kotlin.Boolean origin=null
                                        $this: CALL 'public final fun EQEQ (arg0: kotlin.Any?, arg1: kotlin.Any?): kotlin.Boolean declared in kotlin.internal.ir' type=kotlin.Boolean origin=null
                                          arg0: GET_VAR 'val tmp2_elvis_lhs: kotlin.String? [val] declared in com.khun.smartstream.presentation.screens.categories.CategoriesScreenViewModel.uiState$lambda$0' type=kotlin.String? origin=null
                                          arg1: CONST Null type=kotlin.Nothing? value=null
                                    then: GET_VAR 'val tmp2_elvis_lhs: kotlin.String? [val] declared in com.khun.smartstream.presentation.screens.categories.CategoriesScreenViewModel.uiState$lambda$0' type=kotlin.String? origin=null
                                  BRANCH
                                    if: CONST Boolean type=kotlin.Boolean value=true
                                    then: CONST String type=kotlin.String value=""
                    CONSTRUCTOR_CALL 'public constructor <init> (categoryList: kotlin.collections.List<com.khun.smartstream.data.model.Genre>) [primary] declared in com.khun.smartstream.presentation.screens.categories.CategoriesScreenUiState.Ready' type=com.khun.smartstream.presentation.screens.categories.CategoriesScreenUiState.Ready origin=null
                      categoryList: BLOCK type=kotlin.collections.List<com.khun.smartstream.data.model.Genre> origin=FOLDED_ELVIS
                        WHEN type=kotlin.collections.List<com.khun.smartstream.data.model.Genre> origin=FOLDED_ELVIS
                          BRANCH
                            if: COMPOSITE type=kotlin.Boolean origin=null
                              VAR IR_TEMPORARY_VARIABLE name:tmp3_elvis_lhs type:kotlin.collections.List<com.khun.smartstream.data.model.Genre>? [val]
                                CALL 'public final fun <get-genres> (): kotlin.collections.List<com.khun.smartstream.data.model.Genre>? declared in com.khun.smartstream.data.model.Category' type=kotlin.collections.List<com.khun.smartstream.data.model.Genre>? origin=GET_PROPERTY
                                  $this: CALL 'public final fun <get-data> (): T of com.khun.smartstream.data.util.NetworkResult.Success? [fake_override] declared in com.khun.smartstream.data.util.NetworkResult.Success' type=com.khun.smartstream.data.model.Category? origin=GET_PROPERTY
                                    $this: TYPE_OP type=com.khun.smartstream.data.util.NetworkResult.Success<com.khun.smartstream.data.model.Category> origin=IMPLICIT_CAST typeOperand=com.khun.smartstream.data.util.NetworkResult.Success<com.khun.smartstream.data.model.Category>
                                      GET_VAR 'it: com.khun.smartstream.data.util.NetworkResult<com.khun.smartstream.data.model.Category> declared in com.khun.smartstream.presentation.screens.categories.CategoriesScreenViewModel.uiState$lambda$0' type=com.khun.smartstream.data.util.NetworkResult<com.khun.smartstream.data.model.Category> origin=null
                              CALL 'public final fun not (): kotlin.Boolean [operator] declared in kotlin.Boolean' type=kotlin.Boolean origin=null
                                $this: CALL 'public final fun EQEQ (arg0: kotlin.Any?, arg1: kotlin.Any?): kotlin.Boolean declared in kotlin.internal.ir' type=kotlin.Boolean origin=null
                                  arg0: GET_VAR 'val tmp3_elvis_lhs: kotlin.collections.List<com.khun.smartstream.data.model.Genre>? [val] declared in com.khun.smartstream.presentation.screens.categories.CategoriesScreenViewModel.uiState$lambda$0' type=kotlin.collections.List<com.khun.smartstream.data.model.Genre>? origin=null
                                  arg1: CONST Null type=kotlin.Nothing? value=null
                            then: GET_VAR 'val tmp3_elvis_lhs: kotlin.collections.List<com.khun.smartstream.data.model.Genre>? [val] declared in com.khun.smartstream.presentation.screens.categories.CategoriesScreenViewModel.uiState$lambda$0' type=kotlin.collections.List<com.khun.smartstream.data.model.Genre>? origin=null
                          BRANCH
                            if: CONST Boolean type=kotlin.Boolean value=true
                            then: CALL 'public final fun listOf <T> (): kotlin.collections.List<T of kotlin.collections.CollectionsKt.listOf> [inline] declared in kotlin.collections.CollectionsKt' type=kotlin.collections.List<com.khun.smartstream.data.model.Genre> origin=null
                              <T>: com.khun.smartstream.data.model.Genre
                BRANCH
                  if: CONST Boolean type=kotlin.Boolean value=true
                  then: BLOCK type=com.khun.smartstream.presentation.screens.categories.CategoriesScreenUiState.Error origin=null
                    GET_FIELD 'FIELD FIELD_FOR_OBJECT_INSTANCE name:INSTANCE type:com.khun.smartstream.presentation.screens.categories.CategoriesScreenUiState.Error visibility:public [final,static] declared in com.khun.smartstream.presentation.screens.categories.CategoriesScreenUiState.Error' type=com.khun.smartstream.presentation.screens.categories.CategoriesScreenUiState.Error origin=null
          BRANCH
            if: TYPE_OP type=kotlin.Boolean origin=INSTANCEOF typeOperand=com.khun.smartstream.data.util.NetworkResult.Error<com.khun.smartstream.data.model.Category>
              GET_VAR 'val tmp0_subject: com.khun.smartstream.data.util.NetworkResult<com.khun.smartstream.data.model.Category> [val] declared in com.khun.smartstream.presentation.screens.categories.CategoriesScreenViewModel.uiState$lambda$0' type=com.khun.smartstream.data.util.NetworkResult<com.khun.smartstream.data.model.Category> origin=null
            then: GET_FIELD 'FIELD FIELD_FOR_OBJECT_INSTANCE name:INSTANCE type:com.khun.smartstream.presentation.screens.categories.CategoriesScreenUiState.Error visibility:public [final,static] declared in com.khun.smartstream.presentation.screens.categories.CategoriesScreenUiState.Error' type=com.khun.smartstream.presentation.screens.categories.CategoriesScreenUiState.Error origin=null
          BRANCH
            if: CONST Boolean type=kotlin.Boolean value=true
            then: BLOCK type=kotlin.Nothing origin=null
              CALL 'public final fun noWhenBranchMatchedException (): kotlin.Nothing declared in kotlin.internal.ir' type=kotlin.Nothing origin=null
              CALL 'public final fun throwKotlinNothingValueException (): kotlin.Nothing declared in kotlin.jvm.internal.Intrinsics' type=kotlin.Nothing origin=null

	at org.jetbrains.kotlin.backend.jvm.codegen.FunctionCodegen.generate(FunctionCodegen.kt:48)
	at org.jetbrains.kotlin.backend.jvm.codegen.IrSourceCompilerForInline.generateLambdaBody(IrSourceCompilerForInline.kt:67)
	at org.jetbrains.kotlin.codegen.inline.ExpressionLambda.generateLambdaBody(LambdaInfo.kt:72)
	at org.jetbrains.kotlin.backend.jvm.codegen.IrInlineCodegen.genValueAndPut(IrInlineCodegen.kt:100)
	at org.jetbrains.kotlin.backend.jvm.codegen.ExpressionCodegen.visitCall$handleParameter(ExpressionCodegen.kt:561)
	at org.jetbrains.kotlin.backend.jvm.codegen.ExpressionCodegen.visitCall(ExpressionCodegen.kt:589)
	at org.jetbrains.kotlin.backend.jvm.codegen.ExpressionCodegen.visitCall(ExpressionCodegen.kt:134)
	at org.jetbrains.kotlin.ir.expressions.IrCall.accept(IrCall.kt:24)
	at org.jetbrains.kotlin.backend.jvm.codegen.ExpressionCodegen.gen(ExpressionCodegen.kt:213)
	at org.jetbrains.kotlin.backend.jvm.codegen.IrCallGenerator.genValueAndPut(IrCallGenerator.kt:48)
	at org.jetbrains.kotlin.backend.jvm.codegen.ExpressionCodegen.visitCall$handleParameter(ExpressionCodegen.kt:561)
	at org.jetbrains.kotlin.backend.jvm.codegen.ExpressionCodegen.visitCall(ExpressionCodegen.kt:584)
	at org.jetbrains.kotlin.backend.jvm.codegen.ExpressionCodegen.visitCall(ExpressionCodegen.kt:134)
	at org.jetbrains.kotlin.ir.expressions.IrCall.accept(IrCall.kt:24)
	at org.jetbrains.kotlin.backend.jvm.codegen.ExpressionCodegen.visitFieldAccess(ExpressionCodegen.kt:830)
	at org.jetbrains.kotlin.backend.jvm.codegen.ExpressionCodegen.visitFieldAccess(ExpressionCodegen.kt:134)
	at org.jetbrains.kotlin.ir.visitors.IrElementVisitor$DefaultImpls.visitSetField(IrElementVisitor.kt:210)
	at org.jetbrains.kotlin.backend.jvm.codegen.ExpressionCodegen.visitSetField(ExpressionCodegen.kt:860)
	at org.jetbrains.kotlin.backend.jvm.codegen.ExpressionCodegen.visitSetField(ExpressionCodegen.kt:134)
	at org.jetbrains.kotlin.ir.expressions.IrSetField.accept(IrSetField.kt:21)
	at org.jetbrains.kotlin.backend.jvm.codegen.ExpressionCodegen.visitStatementContainer(ExpressionCodegen.kt:524)
	at org.jetbrains.kotlin.backend.jvm.codegen.ExpressionCodegen.visitContainerExpression(ExpressionCodegen.kt:538)
	at org.jetbrains.kotlin.backend.jvm.codegen.ExpressionCodegen.visitContainerExpression(ExpressionCodegen.kt:134)
	at org.jetbrains.kotlin.ir.visitors.IrElementVisitor$DefaultImpls.visitBlock(IrElementVisitor.kt:126)
	at org.jetbrains.kotlin.backend.jvm.codegen.ExpressionCodegen.visitBlock(ExpressionCodegen.kt:409)
	at org.jetbrains.kotlin.backend.jvm.codegen.ExpressionCodegen.visitBlock(ExpressionCodegen.kt:134)
	at org.jetbrains.kotlin.ir.expressions.IrBlock.accept(IrBlock.kt:18)
	at org.jetbrains.kotlin.backend.jvm.codegen.ExpressionCodegen.visitStatementContainer(ExpressionCodegen.kt:524)
	at org.jetbrains.kotlin.backend.jvm.codegen.ExpressionCodegen.visitBlockBody(ExpressionCodegen.kt:529)
	at org.jetbrains.kotlin.backend.jvm.codegen.ExpressionCodegen.visitBlockBody(ExpressionCodegen.kt:134)
	at org.jetbrains.kotlin.ir.expressions.IrBlockBody.accept(IrBlockBody.kt:20)
	at org.jetbrains.kotlin.backend.jvm.codegen.ExpressionCodegen.generate(ExpressionCodegen.kt:236)
	at org.jetbrains.kotlin.backend.jvm.codegen.FunctionCodegen.doGenerate(FunctionCodegen.kt:124)
	at org.jetbrains.kotlin.backend.jvm.codegen.FunctionCodegen.generate(FunctionCodegen.kt:45)
	... 55 more
Caused by: java.lang.IllegalStateException: Fake override should have at least one overridden descriptor: FUN FAKE_OVERRIDE name:iterator visibility:public modality:ABSTRACT <> ($this:kotlin.Nothing) returnType:kotlin.collections.Iterator<E of kotlin.collections.List> [fake_override,operator]
	at org.jetbrains.kotlin.backend.jvm.ir.JvmIrUtilsKt.findSuperDeclaration(JvmIrUtils.kt:404)
	at org.jetbrains.kotlin.backend.jvm.mapping.MethodSignatureMapper.findSuperDeclaration(MethodSignatureMapper.kt:439)
	at org.jetbrains.kotlin.backend.jvm.mapping.MethodSignatureMapper.mapToCallableMethod(MethodSignatureMapper.kt:408)
	at org.jetbrains.kotlin.backend.jvm.codegen.ExpressionCodegen.visitCall(ExpressionCodegen.kt:550)
	at org.jetbrains.kotlin.backend.jvm.codegen.ExpressionCodegen.visitCall(ExpressionCodegen.kt:134)
	at org.jetbrains.kotlin.ir.expressions.IrCall.accept(IrCall.kt:24)
	at org.jetbrains.kotlin.backend.jvm.codegen.ExpressionCodegen.visitVariable(ExpressionCodegen.kt:735)
	at org.jetbrains.kotlin.backend.jvm.codegen.ExpressionCodegen.visitVariable(ExpressionCodegen.kt:134)
	at org.jetbrains.kotlin.ir.declarations.IrVariable.accept(IrVariable.kt:36)
	at org.jetbrains.kotlin.backend.jvm.codegen.ExpressionCodegen.visitStatementContainer(ExpressionCodegen.kt:524)
	at org.jetbrains.kotlin.backend.jvm.codegen.ExpressionCodegen.visitContainerExpression(ExpressionCodegen.kt:538)
	at org.jetbrains.kotlin.backend.jvm.codegen.ExpressionCodegen.visitContainerExpression(ExpressionCodegen.kt:134)
	at org.jetbrains.kotlin.ir.visitors.IrElementVisitor$DefaultImpls.visitBlock(IrElementVisitor.kt:126)
	at org.jetbrains.kotlin.backend.jvm.codegen.ExpressionCodegen.visitBlock(ExpressionCodegen.kt:409)
	at org.jetbrains.kotlin.backend.jvm.codegen.ExpressionCodegen.visitBlock(ExpressionCodegen.kt:134)
	at org.jetbrains.kotlin.ir.expressions.IrBlock.accept(IrBlock.kt:18)
	at org.jetbrains.kotlin.backend.jvm.codegen.ExpressionCodegen.visitStatementContainer(ExpressionCodegen.kt:524)
	at org.jetbrains.kotlin.backend.jvm.codegen.ExpressionCodegen.visitContainerExpression(ExpressionCodegen.kt:538)
	at org.jetbrains.kotlin.backend.jvm.codegen.ExpressionCodegen.visitContainerExpression(ExpressionCodegen.kt:134)
	at org.jetbrains.kotlin.ir.visitors.IrElementVisitor$DefaultImpls.visitBlock(IrElementVisitor.kt:126)
	at org.jetbrains.kotlin.backend.jvm.codegen.ExpressionCodegen.visitBlock(ExpressionCodegen.kt:409)
	at org.jetbrains.kotlin.backend.jvm.codegen.ExpressionCodegen.visitBlock(ExpressionCodegen.kt:134)
	at org.jetbrains.kotlin.ir.expressions.IrBlock.accept(IrBlock.kt:18)
	at org.jetbrains.kotlin.backend.jvm.codegen.ExpressionCodegen.visitWhen(ExpressionCodegen.kt:1050)
	at org.jetbrains.kotlin.backend.jvm.codegen.ExpressionCodegen.visitWhen(ExpressionCodegen.kt:134)
	at org.jetbrains.kotlin.ir.expressions.IrWhen.accept(IrWhen.kt:24)
	at org.jetbrains.kotlin.backend.jvm.codegen.ExpressionCodegen.visitStatementContainer(ExpressionCodegen.kt:524)
	at org.jetbrains.kotlin.backend.jvm.codegen.ExpressionCodegen.visitContainerExpression(ExpressionCodegen.kt:538)
	at org.jetbrains.kotlin.backend.jvm.codegen.ExpressionCodegen.visitContainerExpression(ExpressionCodegen.kt:134)
	at org.jetbrains.kotlin.ir.visitors.IrElementVisitor$DefaultImpls.visitBlock(IrElementVisitor.kt:126)
	at org.jetbrains.kotlin.backend.jvm.codegen.ExpressionCodegen.visitBlock(ExpressionCodegen.kt:409)
	at org.jetbrains.kotlin.backend.jvm.codegen.ExpressionCodegen.visitBlock(ExpressionCodegen.kt:134)
	at org.jetbrains.kotlin.ir.expressions.IrBlock.accept(IrBlock.kt:18)
	at org.jetbrains.kotlin.backend.jvm.codegen.ExpressionCodegen.visitWhen(ExpressionCodegen.kt:1050)
	at org.jetbrains.kotlin.backend.jvm.codegen.ExpressionCodegen.visitWhen(ExpressionCodegen.kt:134)
	at org.jetbrains.kotlin.ir.expressions.IrWhen.accept(IrWhen.kt:24)
	at org.jetbrains.kotlin.backend.jvm.codegen.ExpressionCodegen.visitStatementContainer(ExpressionCodegen.kt:524)
	at org.jetbrains.kotlin.backend.jvm.codegen.ExpressionCodegen.visitContainerExpression(ExpressionCodegen.kt:538)
	at org.jetbrains.kotlin.backend.jvm.codegen.ExpressionCodegen.visitContainerExpression(ExpressionCodegen.kt:134)
	at org.jetbrains.kotlin.ir.visitors.IrElementVisitor$DefaultImpls.visitBlock(IrElementVisitor.kt:126)
	at org.jetbrains.kotlin.backend.jvm.codegen.ExpressionCodegen.visitBlock(ExpressionCodegen.kt:409)
	at org.jetbrains.kotlin.backend.jvm.codegen.ExpressionCodegen.visitBlock(ExpressionCodegen.kt:134)
	at org.jetbrains.kotlin.ir.expressions.IrBlock.accept(IrBlock.kt:18)
	at org.jetbrains.kotlin.backend.jvm.codegen.ExpressionCodegen.visitReturn(ExpressionCodegen.kt:1000)
	at org.jetbrains.kotlin.backend.jvm.codegen.ExpressionCodegen.visitReturn(ExpressionCodegen.kt:134)
	at org.jetbrains.kotlin.ir.expressions.IrReturn.accept(IrReturn.kt:24)
	at org.jetbrains.kotlin.backend.jvm.codegen.ExpressionCodegen.visitStatementContainer(ExpressionCodegen.kt:524)
	at org.jetbrains.kotlin.backend.jvm.codegen.ExpressionCodegen.visitBlockBody(ExpressionCodegen.kt:529)
	at org.jetbrains.kotlin.backend.jvm.codegen.ExpressionCodegen.visitBlockBody(ExpressionCodegen.kt:134)
	at org.jetbrains.kotlin.ir.expressions.IrBlockBody.accept(IrBlockBody.kt:20)
	at org.jetbrains.kotlin.backend.jvm.codegen.ExpressionCodegen.generate(ExpressionCodegen.kt:236)
	at org.jetbrains.kotlin.backend.jvm.codegen.FunctionCodegen.doGenerate(FunctionCodegen.kt:124)
	at org.jetbrains.kotlin.backend.jvm.codegen.FunctionCodegen.generate(FunctionCodegen.kt:45)
	... 88 more


